<?xml version="1.0" encoding="UTF-8"?>
<testsuite xmlns:xsi="http://www.w3.org/2001/XMLSchema-instance" xsi:noNamespaceSchemaLocation="https://maven.apache.org/surefire/maven-surefire-plugin/xsd/surefire-test-report-3.0.xsd" version="3.0" name="hellocucumber.RunCucumberTest" time="2.621" tests="5" errors="0" skipped="0" failures="0">
  <properties>
[...]
</properties>
  <testcase name="Hotel Management - Create a new hotel" classname="Hotel Management" time="2.337">
    <system-out><![CDATA[14:52:51.643 [main] INFO org.springframework.test.context.support.AnnotationConfigContextLoaderUtils -- Could not detect default configuration classes for test class [hellocucumber.CucumberSpringConfig]: CucumberSpringConfig does not declare any static, non-private, non-final, nested classes annotated with @Configuration.
14:52:51.717 [main] INFO org.springframework.boot.test.context.SpringBootTestContextBootstrapper -- Found @SpringBootConfiguration hellocucumber.HotelBayApplication for test class hellocucumber.CucumberSpringConfig

  .   ____          _            __ _ _
 /\\ / ___'_ __ _ _(_)_ __  __ _ \ \ \ \
( ( )\___ | '_ | '_| | '_ \/ _` | \ \ \ \
 \\/  ___)| |_)| | | | | || (_| |  ) ) ) )
  '  |____| .__|_| |_|_| |_\__, | / / / /
 =========|_|==============|___/=/_/_/_/
 :: Spring Boot ::                (v3.2.4)

2026-05-07T14:52:52.032+01:00  INFO 14420 --- [           main] hellocucumber.CucumberSpringConfig       : Starting CucumberSpringConfig using Java 21.0.10 with PID 14420 (started by yassine in /home/yassine/Desktop/UevoraCour/EngenhariaSoftware/HotelBay-Cucumber-Project/hellocucumber)
2026-05-07T14:52:52.034+01:00  INFO 14420 --- [           main] hellocucumber.CucumberSpringConfig       : No active profile set, falling back to 1 default profile: "default"
2026-05-07T14:52:52.959+01:00  INFO 14420 --- [           main] o.s.b.t.m.w.SpringBootMockServletContext : Initializing Spring TestDispatcherServlet ''
2026-05-07T14:52:52.959+01:00  INFO 14420 --- [           main] o.s.t.web.servlet.TestDispatcherServlet  : Initializing Servlet ''
2026-05-07T14:52:52.961+01:00  INFO 14420 --- [           main] o.s.t.web.servlet.TestDispatcherServlet  : Completed initialization in 1 ms
2026-05-07T14:52:52.977+01:00  INFO 14420 --- [           main] hellocucumber.CucumberSpringConfig       : Started CucumberSpringConfig in 1.145 seconds (process running for 2.084)

Scenario: Create a new hotel                                       &amp#27;[90m# hellocucumber/hotel_management.feature:5&amp#27;[0m
  &amp#27;[32mGiven &amp#27;[0m&amp#27;[32mI am logged in as an administrator&amp#27;[0m                         &amp#27;[90m# hellocucumber.HotelStepDefinitions.i_am_logged_in_as_an_administrator()&amp#27;[0m
  &amp#27;[32mWhen &amp#27;[0m&amp#27;[32mI create a hotel named &amp#27;[0m&amp#27;[32m&amp#27;[1m"Uevora Palace"&amp#27;[0m&amp#27;[32m in &amp#27;[0m&amp#27;[32m&amp#27;[1m"Evora"&amp#27;[0m           &amp#27;[90m# hellocucumber.HotelStepDefinitions.i_create_a_hotel_named_in(java.lang.String,java.lang.String)&amp#27;[0m
  &amp#27;[32mThen &amp#27;[0m&amp#27;[32mthe hotel &amp#27;[0m&amp#27;[32m&amp#27;[1m"Uevora Palace"&amp#27;[0m&amp#27;[32m should be available in the system&amp#27;[0m &amp#27;[90m# hellocucumber.HotelStepDefinitions.the_hotel_should_be_available_in_the_system(java.lang.String)&amp#27;[0m
]]></system-out>
    <system-err><![CDATA[WARNING: A Java agent has been loaded dynamically (/home/yassine/.m2/repository/net/bytebuddy/byte-buddy-agent/1.14.12/byte-buddy-agent-1.14.12.jar)
WARNING: If a serviceability tool is in use, please run with -XX:+EnableDynamicAgentLoading to hide this warning
WARNING: If a serviceability tool is not in use, please run with -Djdk.instrument.traceUsage for more information
WARNING: Dynamic loading of agents will be disallowed by default in a future release
]]></system-err>
  </testcase>
  <testcase name="Is it Friday yet? - Today is or is not Friday - Examples - Example #1.1" classname="Is it Friday yet? - Today is or is not Friday - Examples" time="0.022">
    <system-out><![CDATA[2026-05-07T14:52:53.905+01:00  INFO 14420 --- [           main] t.c.s.AnnotationConfigContextLoaderUtils : Could not detect default configuration classes for test class [hellocucumber.CucumberSpringConfig]: CucumberSpringConfig does not declare any static, non-private, non-final, nested classes annotated with @Configuration.
2026-05-07T14:52:53.909+01:00  INFO 14420 --- [           main] .b.t.c.SpringBootTestContextBootstrapper : Found @SpringBootConfiguration hellocucumber.HotelBayApplication for test class hellocucumber.CucumberSpringConfig

Scenario Outline: Today is or is not Friday &amp#27;[90m# hellocucumber/is_it_friday_yet.feature:10&amp#27;[0m
  &amp#27;[32mGiven &amp#27;[0m&amp#27;[32mtoday is &amp#27;[0m&amp#27;[32m&amp#27;[1m"Friday"&amp#27;[0m                   &amp#27;[90m# hellocucumber.StepDefinitions.today_is(java.lang.String)&amp#27;[0m
  &amp#27;[32mWhen &amp#27;[0m&amp#27;[32mI ask whether it's Friday yet&amp#27;[0m        &amp#27;[90m# hellocucumber.StepDefinitions.i_ask_whether_it_s_friday_yet()&amp#27;[0m
  &amp#27;[32mThen &amp#27;[0m&amp#27;[32mI should be told &amp#27;[0m&amp#27;[32m&amp#27;[1m"TGIF"&amp#27;[0m              &amp#27;[90m# hellocucumber.StepDefinitions.i_should_be_told(java.lang.String)&amp#27;[0m
]]></system-out>
  </testcase>
  <testcase name="Is it Friday yet? - Today is or is not Friday - Examples - Example #1.2" classname="Is it Friday yet? - Today is or is not Friday - Examples" time="0.017">
    <system-out><![CDATA[2026-05-07T14:52:53.926+01:00  INFO 14420 --- [           main] t.c.s.AnnotationConfigContextLoaderUtils : Could not detect default configuration classes for test class [hellocucumber.CucumberSpringConfig]: CucumberSpringConfig does not declare any static, non-private, non-final, nested classes annotated with @Configuration.
2026-05-07T14:52:53.930+01:00  INFO 14420 --- [           main] .b.t.c.SpringBootTestContextBootstrapper : Found @SpringBootConfiguration hellocucumber.HotelBayApplication for test class hellocucumber.CucumberSpringConfig

Scenario Outline: Today is or is not Friday &amp#27;[90m# hellocucumber/is_it_friday_yet.feature:11&amp#27;[0m
  &amp#27;[32mGiven &amp#27;[0m&amp#27;[32mtoday is &amp#27;[0m&amp#27;[32m&amp#27;[1m"Sunday"&amp#27;[0m                   &amp#27;[90m# hellocucumber.StepDefinitions.today_is(java.lang.String)&amp#27;[0m
  &amp#27;[32mWhen &amp#27;[0m&amp#27;[32mI ask whether it's Friday yet&amp#27;[0m        &amp#27;[90m# hellocucumber.StepDefinitions.i_ask_whether_it_s_friday_yet()&amp#27;[0m
  &amp#27;[32mThen &amp#27;[0m&amp#27;[32mI should be told &amp#27;[0m&amp#27;[32m&amp#27;[1m"Nope"&amp#27;[0m              &amp#27;[90m# hellocucumber.StepDefinitions.i_should_be_told(java.lang.String)&amp#27;[0m
]]></system-out>
  </testcase>
  <testcase name="Is it Friday yet? - Today is or is not Friday - Examples - Example #1.3" classname="Is it Friday yet? - Today is or is not Friday - Examples" time="0.017">
    <system-out><![CDATA[2026-05-07T14:52:53.945+01:00  INFO 14420 --- [           main] t.c.s.AnnotationConfigContextLoaderUtils : Could not detect default configuration classes for test class [hellocucumber.CucumberSpringConfig]: CucumberSpringConfig does not declare any static, non-private, non-final, nested classes annotated with @Configuration.
2026-05-07T14:52:53.949+01:00  INFO 14420 --- [           main] .b.t.c.SpringBootTestContextBootstrapper : Found @SpringBootConfiguration hellocucumber.HotelBayApplication for test class hellocucumber.CucumberSpringConfig

Scenario Outline: Today is or is not Friday &amp#27;[90m# hellocucumber/is_it_friday_yet.feature:12&amp#27;[0m
  &amp#27;[32mGiven &amp#27;[0m&amp#27;[32mtoday is &amp#27;[0m&amp#27;[32m&amp#27;[1m"anything else!"&amp#27;[0m           &amp#27;[90m# hellocucumber.StepDefinitions.today_is(java.lang.String)&amp#27;[0m
  &amp#27;[32mWhen &amp#27;[0m&amp#27;[32mI ask whether it's Friday yet&amp#27;[0m        &amp#27;[90m# hellocucumber.StepDefinitions.i_ask_whether_it_s_friday_yet()&amp#27;[0m
  &amp#27;[32mThen &amp#27;[0m&amp#27;[32mI should be told &amp#27;[0m&amp#27;[32m&amp#27;[1m"Nope"&amp#27;[0m              &amp#27;[90m# hellocucumber.StepDefinitions.i_should_be_told(java.lang.String)&amp#27;[0m
]]></system-out>
  </testcase>
  <testcase name="User Management - Create a new Guest user" classname="User Management" time="0.024">
    <system-out><![CDATA[2026-05-07T14:52:53.963+01:00  INFO 14420 --- [           main] t.c.s.AnnotationConfigContextLoaderUtils : Could not detect default configuration classes for test class [hellocucumber.CucumberSpringConfig]: CucumberSpringConfig does not declare any static, non-private, non-final, nested classes annotated with @Configuration.
2026-05-07T14:52:53.967+01:00  INFO 14420 --- [           main] .b.t.c.SpringBootTestContextBootstrapper : Found @SpringBootConfiguration hellocucumber.HotelBayApplication for test class hellocucumber.CucumberSpringConfig

Scenario: Create a new Guest user                                                   &amp#27;[90m# hellocucumber/user_management.feature:4&amp#27;[0m
  &amp#27;[32mGiven &amp#27;[0m&amp#27;[32mthe user management system is ready&amp#27;[0m                                         &amp#27;[90m# hellocucumber.UserStepDefinitions.the_user_management_system_is_ready()&amp#27;[0m
  &amp#27;[32mWhen &amp#27;[0m&amp#27;[32mI create a guest with username &amp#27;[0m&amp#27;[32m&amp#27;[1m"yassine2026"&amp#27;[0m&amp#27;[32m and email &amp#27;[0m&amp#27;[32m&amp#27;[1m"yassine@example.com"&amp#27;[0m &amp#27;[90m# hellocucumber.UserStepDefinitions.i_create_a_guest_with_username_and_email(java.lang.String,java.lang.String)&amp#27;[0m
  &amp#27;[32mThen &amp#27;[0m&amp#27;[32mthe guest &amp#27;[0m&amp#27;[32m&amp#27;[1m"yassine2026"&amp#27;[0m&amp#27;[32m should be successfully recorded&amp#27;[0m                      &amp#27;[90m# hellocucumber.UserStepDefinitions.the_guest_should_be_successfully_recorded(java.lang.String)&amp#27;[0m
]]></system-out>
  </testcase>
</testsuite>